Current libzmq version is 4.3.4
Current pyzmq version is 23.2.1
Skeleton Code for the HealthStatus Server
HealthStatus main: parsing command line
HealthStatus main: obtain the object
HealthStatus main: initialize the object
HealthStatus Object: Initialize
Custom Application Protocol Object: Initialize
serialization type = json
Custom Appln Protocol::initialize - obtain transport object
Custom Appln Protocol::initialize - initialize transport object
Custom Transport Protocol Object: Initialize
Custom Transport Protocol::initialize - obtain network object
Custom Transport Protocol::initialize - initialize network object
Custom Network Protocol Object: Initialize
Custom Network Protocol Object: Initialize - get ZeroMQ context
Custom Network Protocol Object: Initialize - get REP socket
Custom Network Protocol Object: Initialize - bind socket to tcp://10.0.0.6:4444
HealthStatus main: invoke driver
CustomApplnProtocol::recv_appln_msg
Custom Transport Protocol::recv_appln_msg
Custom Transport Protocol::recv_segment
CustomNetworkProtocol::recv_packet
print the content of Grocery Order Message
Type: MessageTypes.GROCERY
Veggie: {'cucumber': 1, 'tomato': 1, 'potato': 1, 'carrot': 1, 'eggplant': 1}
Drinks: {'cans': {'beer': 1, 'coke': 1, 'coffee': 1}, 'bottle': {'sprite': 1, 'apple_juice': 1, 'orange_juice': 1}}
Milk: []
Bread: []
Meat: []
Received request: 1
Custom Transport Protocol::send_appln_msg
Custom Transport Protocol::send_segment
Custom Network Protocol::send_packet
CustomNetworkProtocol::send_packet
CustomApplnProtocol::recv_appln_msg
Custom Transport Protocol::recv_appln_msg
Custom Transport Protocol::recv_segment
CustomNetworkProtocol::recv_packet
print the content of Grocery Order Message
Type: MessageTypes.GROCERY
Veggie: {'cucumber': 1, 'tomato': 1, 'potato': 1, 'carrot': 1, 'eggplant': 1}
Drinks: {'cans': {'beer': 1, 'coke': 1, 'coffee': 1}, 'bottle': {'sprite': 1, 'apple_juice': 1, 'orange_juice': 1}}
Milk: []
Bread: []
Meat: []
Received request: 1
Custom Transport Protocol::send_appln_msg
Custom Transport Protocol::send_segment
Custom Network Protocol::send_packet
CustomNetworkProtocol::send_packet
CustomApplnProtocol::recv_appln_msg
Custom Transport Protocol::recv_appln_msg
Custom Transport Protocol::recv_segment
CustomNetworkProtocol::recv_packet
Dispenser: dispenser_type.PTIMAL
Icemaker: 1
Lightbulb: 0
Fridge_temp: 10
Sensor_status: status_type.Good
Received request: 1
Custom Transport Protocol::send_appln_msg
Custom Transport Protocol::send_segment
Custom Network Protocol::send_packet
CustomNetworkProtocol::send_packet
CustomApplnProtocol::recv_appln_msg
Custom Transport Protocol::recv_appln_msg
Custom Transport Protocol::recv_segment
CustomNetworkProtocol::recv_packet
print the content of Grocery Order Message
Type: MessageTypes.GROCERY
Veggie: {'cucumber': 1, 'tomato': 1, 'potato': 1, 'carrot': 1, 'eggplant': 1}
Drinks: {'cans': {'beer': 1, 'coke': 1, 'coffee': 1}, 'bottle': {'sprite': 1, 'apple_juice': 1, 'orange_juice': 1}}
Milk: []
Bread: []
Meat: []
Received request: 1
Custom Transport Protocol::send_appln_msg
Custom Transport Protocol::send_segment
Custom Network Protocol::send_packet
CustomNetworkProtocol::send_packet
CustomApplnProtocol::recv_appln_msg
Custom Transport Protocol::recv_appln_msg
Custom Transport Protocol::recv_segment
CustomNetworkProtocol::recv_packet
Dispenser: dispenser_type.PTIMAL
Icemaker: 1
Lightbulb: 0
Fridge_temp: 10
Sensor_status: status_type.Good
Received request: 1
Custom Transport Protocol::send_appln_msg
Custom Transport Protocol::send_segment
Custom Network Protocol::send_packet
CustomNetworkProtocol::send_packet
CustomApplnProtocol::recv_appln_msg
Custom Transport Protocol::recv_appln_msg
Custom Transport Protocol::recv_segment
CustomNetworkProtocol::recv_packet
print the content of Grocery Order Message
Type: MessageTypes.GROCERY
Veggie: {'cucumber': 1, 'tomato': 1, 'potato': 1, 'carrot': 1, 'eggplant': 1}
Drinks: {'cans': {'beer': 1, 'coke': 1, 'coffee': 1}, 'bottle': {'sprite': 1, 'apple_juice': 1, 'orange_juice': 1}}
Milk: []
Bread: []
Meat: []
Received request: 1
Custom Transport Protocol::send_appln_msg
Custom Transport Protocol::send_segment
Custom Network Protocol::send_packet
CustomNetworkProtocol::send_packet
CustomApplnProtocol::recv_appln_msg
Custom Transport Protocol::recv_appln_msg
Custom Transport Protocol::recv_segment
CustomNetworkProtocol::recv_packet
Dispenser: dispenser_type.PTIMAL
Icemaker: 1
Lightbulb: 0
Fridge_temp: 10
Sensor_status: status_type.Good
Received request: 1
Custom Transport Protocol::send_appln_msg
Custom Transport Protocol::send_segment
Custom Network Protocol::send_packet
CustomNetworkProtocol::send_packet
CustomApplnProtocol::recv_appln_msg
Custom Transport Protocol::recv_appln_msg
Custom Transport Protocol::recv_segment
CustomNetworkProtocol::recv_packet
print the content of Grocery Order Message
Type: MessageTypes.GROCERY
Veggie: {'cucumber': 1, 'tomato': 1, 'potato': 1, 'carrot': 1, 'eggplant': 1}
Drinks: {'cans': {'beer': 1, 'coke': 1, 'coffee': 1}, 'bottle': {'sprite': 1, 'apple_juice': 1, 'orange_juice': 1}}
Milk: []
Bread: []
Meat: []
Received request: 1
Custom Transport Protocol::send_appln_msg
Custom Transport Protocol::send_segment
Custom Network Protocol::send_packet
CustomNetworkProtocol::send_packet
CustomApplnProtocol::recv_appln_msg
Custom Transport Protocol::recv_appln_msg
Custom Transport Protocol::recv_segment
CustomNetworkProtocol::recv_packet
Dispenser: dispenser_type.PTIMAL
Icemaker: 1
Lightbulb: 0
Fridge_temp: 10
Sensor_status: status_type.Good
Received request: 1
Custom Transport Protocol::send_appln_msg
Custom Transport Protocol::send_segment
Custom Network Protocol::send_packet
CustomNetworkProtocol::send_packet
CustomApplnProtocol::recv_appln_msg
Custom Transport Protocol::recv_appln_msg
Custom Transport Protocol::recv_segment
CustomNetworkProtocol::recv_packet
print the content of Grocery Order Message
Type: MessageTypes.GROCERY
Veggie: {'cucumber': 1, 'tomato': 1, 'potato': 1, 'carrot': 1, 'eggplant': 1}
Drinks: {'cans': {'beer': 1, 'coke': 1, 'coffee': 1}, 'bottle': {'sprite': 1, 'apple_juice': 1, 'orange_juice': 1}}
Milk: []
Bread: []
Meat: []
Received request: 1
Custom Transport Protocol::send_appln_msg
Custom Transport Protocol::send_segment
Custom Network Protocol::send_packet
CustomNetworkProtocol::send_packet
CustomApplnProtocol::recv_appln_msg
Custom Transport Protocol::recv_appln_msg
Custom Transport Protocol::recv_segment
CustomNetworkProtocol::recv_packet
Dispenser: dispenser_type.PTIMAL
Icemaker: 1
Lightbulb: 0
Fridge_temp: 10
Sensor_status: status_type.Good
Received request: 1
Custom Transport Protocol::send_appln_msg
Custom Transport Protocol::send_segment
Custom Network Protocol::send_packet
CustomNetworkProtocol::send_packet
CustomApplnProtocol::recv_appln_msg
Custom Transport Protocol::recv_appln_msg
Custom Transport Protocol::recv_segment
CustomNetworkProtocol::recv_packet
print the content of Grocery Order Message
Type: MessageTypes.GROCERY
Veggie: {'cucumber': 1, 'tomato': 1, 'potato': 1, 'carrot': 1, 'eggplant': 1}
Drinks: {'cans': {'beer': 1, 'coke': 1, 'coffee': 1}, 'bottle': {'sprite': 1, 'apple_juice': 1, 'orange_juice': 1}}
Milk: []
Bread: []
Meat: []
Received request: 1
Custom Transport Protocol::send_appln_msg
Custom Transport Protocol::send_segment
Custom Network Protocol::send_packet
CustomNetworkProtocol::send_packet
CustomApplnProtocol::recv_appln_msg
Custom Transport Protocol::recv_appln_msg
Custom Transport Protocol::recv_segment
CustomNetworkProtocol::recv_packet
Dispenser: dispenser_type.PTIMAL
Icemaker: 1
Lightbulb: 0
Fridge_temp: 10
Sensor_status: status_type.Good
Received request: 1
Custom Transport Protocol::send_appln_msg
Custom Transport Protocol::send_segment
Custom Network Protocol::send_packet
CustomNetworkProtocol::send_packet
CustomApplnProtocol::recv_appln_msg
Custom Transport Protocol::recv_appln_msg
Custom Transport Protocol::recv_segment
CustomNetworkProtocol::recv_packet
print the content of Grocery Order Message
Type: MessageTypes.GROCERY
Veggie: {'cucumber': 1, 'tomato': 1, 'potato': 1, 'carrot': 1, 'eggplant': 1}
