Current libzmq version is 4.3.4
Current pyzmq version is 23.2.1
Demo program for TCP Router with ZeroMQ
GroceryOrder main: obtain the object
GroceryOrder main: initialize the object
Router Object: Initialize
Custom Network Protocol Object: Initialize
Obtain the ZMQ context
Obtain the Poller
Obtain the ROUTER type socket
Bind the ROUTER socket
TCP router will be binding on tcp://*:4444
Router acquiring connection socket
[b'\x00k\x8bEh', b'', b'10.0.0.6{"type": 1, "dispenser": 0, "icemaker": 1, "Lightbulb": 0, "Fridge_temp": 10, "freezer_temp": 20, "Sensor_status": 0}']
10.0.0.6
Traceback (most recent call last):
  File "router.py", line 101, in <module>
    main()
  File "router.py", line 92, in main
    rt.initialize(parsed_args)
  File "router.py", line 51, in initialize
    raise e
  File "router.py", line 47, in initialize
    self.router_obj.initialize_router(config, args.myaddr, args.myport, args.nexthopaddr, args.nexthopport
  File "/media/psf/Home/Documents/2022Fall/CS5283/Assignment1/SkeletonCode/networklayer/CustomNetworkProtocol.py", line 322, in initialize_router
    raise e  # just propagate it
  File "/media/psf/Home/Documents/2022Fall/CS5283/Assignment1/SkeletonCode/networklayer/CustomNetworkProtocol.py", line 211, in initialize_router
    nexthopaddr = config[self.myaddr]['ip1']
  File "/usr/lib/python3.8/configparser.py", line 960, in __getitem__
    raise KeyError(key)
KeyError: '*'
