Current libzmq version is 4.3.4
Current pyzmq version is 23.2.1
Skeleton Code for the HealthStatus Server
HealthStatus main: parsing command line
HealthStatus main: obtain the object
HealthStatus main: initialize the object
HealthStatus Object: Initialize
Custom Application Protocol Object: Initialize
serialization type = json
Custom Appln Protocol::initialize - obtain transport object
Custom Appln Protocol::initialize - initialize transport object
Custom Transport Protocol Object: Initialize
Custom Transport Protocol::initialize - obtain network object
Custom Transport Protocol::initialize - initialize network object
Custom Network Protocol Object: Initialize
Custom Network Protocol Object: Initialize - get ZeroMQ context
Custom Network Protocol Object: Initialize - get REP socket
Custom Network Protocol Object: Initialize - bind socket to tcp://10.0.0.5:4444
HealthStatus main: invoke driver
CustomApplnProtocol::recv_appln_msg
Custom Transport Protocol::recv_appln_msg
Custom Transport Protocol::recv_segment
CustomNetworkProtocol::recv_packet
b'10.0.0.5248{"type": 0, "veggie": {"cucumber": 1, "tomato": 1, "potato": 1, "carrot": 1, "eggplant": 1}, "drinks": {"cans": {"beer": 1, "coke": 1, "coffee": 1}, "bottle": {"sprite": 1, "apple_juice": 1, "orange_juice": 1}}, "milk": [], "bread": [], "meat": []}b\'\\xc7\\x0fE\\xaa\\xe8\\xcbt$\\xa6\\xa1\\x7f\\x7f\\x9c\\xe8\\xfb\\x95T\\\'\\xe6#m\\x1e\\xfb\\xe5j\\x96\\x84"x@"\\xea\\xbdf\\x01*\\\\N\\x16&\\xfc\\xc8\\xb7?\\xd6i\\xce\\x8e\\x03~\\x19\\x99\\x9bk!\\x0b\\xf7\\xf1d9\\xafYN\\x9fA\\xc8\\t\\r\\x95\\xaformj\\xe5\\xda\\xa2\\xe2\\xa5\\xfb\\xba-\\x06=\\x05M\\xfc \\xf1\\t\\x157\\xe5\\xb6\\xe9\\x9e\\xd54}\\x10\\x92+\\xda\\x88\\xf6n5\\xf8\\xecJ(\\xf3T2\\x01z`9qDw\\x92)\\xa7\\xce\\xab\\x12\\x10\\xeb\\x0c."\\xe2\\xce\\xbd\\xf8\\xc1$d\\x8a\\x18\\x91\\xda\\xe76A\\x98j\\xf0[\\xb5\\x90\\x9c0z\\xb3\\xebF\\x8a\\xcc\\x90\\x0c\\x06`\\xfa\\x01\\x85d\\x1e{$\\x96|\\xa8,\\xe6u\\xbd\\xfe\\x01h\\xff\\\'\\xc5\\x03\\xac&\\xc3\\xb7\\r+\\xd9{\\xe9\\x06\\xe0]V\\\\:\\xc6\\x7fm\\x12\\xcb\\x83\\xcb\\xc9Xf|O\\xcf\\xff\\xc4\\x05\\xd7\\x88\\xba\\x95P\\xff\\x80n[*g\\xc1\\n\\xc9\\xectY\\x8d\\x88\\xdb\\x82K\\xe6\\xb7!\\xba\\xab\\x89\\x8f\\xabb\\xc3_\\xe3\\x0c\\xd4\\xe9\\x88\\xf9^\\xcdg&\\xc2\\xe4\\xc3\\xee\\x86\\xaa$t\\xb4\\xd6\\xfc\\x1c\\x8f\\xc5c\\xee\\xa3v&\\xbb\\xb7\\xaf\\xce\\x02i13\\x9d~\\xc1$d\\x908\\xb2c\\xc7\\x95T\\x83\\xcd\\xb9\\xf0\\xc6Y\\xc4\\xe0\\xe8R\\xb9\\xcd\\xc2\\x01\\xa1:\\x82\\xea\\xcdEa\\xfc\\xdb\\xeb\\x07SP\\xd0\\xbe\\xa1E\\xb5\\xce\\x98\\xf5\\xf1\\x19\\xefF\\x82\\x1fl\\xa8\\xe4X\\xd8\\xab\\xa1\\xb1\\n\\xc8Qvt\\x00\\xe7|\\xea1\\x87\\x8a;\\xda\\xbf\\xf3es\\xc7\\xa5\\xaa(\\x11j\\x02\\x95\\xe8d\\xb9\\xb6Q:m\\x90M\\x82\\x0e\\xc9)bA(A\\x0e\\xa4D\\xe7d\\x1c\\xfb\\x8d\\x15\\x9d\\xafH\\x1d\\x88\\x7f\\xef\\xb2r\\xd4Uk`*\\xaf\\xa1\\xe9\\xbf\\x9e<\\xe8\\x8b\\xfa\\\'~\\xa2\\x08\\x9f\\x93\\x13\\x83ez\\x9b\\xe6\\xd8\\x17\\r\\xf56\\x8cf\\x1fD9E\\xd76\\xa1\\xf8\\x9bX\\x0c\\xee{V,\\x8e\\xf9\\n\\xad{\\xdb\\xb5\\xcf\\x06,\\xb5\\xd6\\x7fevs+\\x92@\\x06\\xd9p\\x9d\\x10\\x15\\xc7\\xabYO\\x1e\\xac\\xf9\\xfc\\xc4\\x9e\\xcba\\\'\\x12\\xeb\\xbf\\xcb\\x1a\\x91\\xdc\\x91\\x06\\xd6\\x19f\\x80$\\x93]\\xb3\\x07\\x13B\\xfb\\x92\\x8b\\xdbO\\xa4\\x90J\\xec\\x0f\\x06WO>4xc\\xb2\\xc3\\xa0\\x18\\xa7\\xa6\\x94\\x8d(\\xbd\\x93b\\xacl\\xed{\\xdb\\xd2\\xd6\\xb5\\xf9\\xffI$\\t\\xb2rEJ\\xcf\\xd4\\x9f\\xd9\\x8c\\xcb\\xaa\\xe6.\\xc5\\xfd\\xad\\xc7\\xd8\\x00\\xf5\\xb3\\n\\xf3\\xb9#\\xe7\\xb6k\\x12\\\\\\xc5\\xcaP\\xe7W\\xd0\\xaf\\xe9\\xa5\\x9b\\xffa>\\xd9\\xa2\\xbd\\r\\x14\\xc6\\x17\\xef\\x15\\x10\\xd5\\xd8?\\x0e}\\x88{\\x15\\x9a\\xf9\\xb3\\xad\\x82\\x86\\x81\\xa9\\x8bKTx\\xad\\xe5\\xa6\\x02q\\xa8\\x8c-h\\xcf\\xa8\\xa8I\\x97\\x82\\xe7G\\xca\\xd3\\xc9\\x12H\\xd2\\xcd\\xe0\\xbe_\\xba\\x93cL\\xaamp\\x1b1\\xdaP\\x0c\\xf2\\xcbrb\\\\?o\\xc8\\xde\\xf6@0\\xfaY\\xc91\\xd7 ~w\\xa3y\\\'\\xec\\xa7\\xba\\xf8\\xdc\\xaaO\\xb1\\x9c]\\xe4tXvc6P2\\xa3\\xd5\\xf49~\\xe1\\x85\\xbd}q\\x86\\xff\\xb4\\xd1e6+\\x983j\\xcb9-J\\xf8\\xa4\\x7f\\xe4\\xe4\\xea\\x1e\\xfe\\xb2\\x0fv\\x97\\xe4~\\xf1i\\xe59:\\xc3\\xf2\\xff[d:V\\xc6\\xeb\\x13\\xa0r/\''
debug 1
b'{"type": 0, "veggie": {"cucumber": 1, "tomato": 1, "potato": 1, "carrot": 1, "eggplant": 1}, "drinks": {"cans": {"beer": 1, "coke": 1, "coffee": 1}, "bottle": {"sprite": 1, "apple_juice": 1, "orange_juice": 1}}, "milk": [], "bread": [], "meat": []}'
print the content of Grocery Order Message
Type: MessageTypes.GROCERY
Veggie: {'cucumber': 1, 'tomato': 1, 'potato': 1, 'carrot': 1, 'eggplant': 1}
Drinks: {'cans': {'beer': 1, 'coke': 1, 'coffee': 1}, 'bottle': {'sprite': 1, 'apple_juice': 1, 'orange_juice': 1}}
Milk: []
Bread: []
Meat: []
Received request: 1
send response
Custom Transport Protocol::send_appln_msg
Custom Transport Protocol::send_segment
Custom Network Protocol::send_packet
CustomNetworkProtocol::send_packet
CustomApplnProtocol::recv_appln_msg
Custom Transport Protocol::recv_appln_msg
Custom Transport Protocol::recv_segment
CustomNetworkProtocol::recv_packet
b'10.0.0.5248{"type": 0, "veggie": {"cucumber": 1, "tomato": 1, "potato": 1, "carrot": 1, "eggplant": 1}, "drinks": {"cans": {"beer": 1, "coke": 1, "coffee": 1}, "bottle": {"sprite": 1, "apple_juice": 1, "orange_juice": 1}}, "milk": [], "bread": [], "meat": []}b\'\\xd5?\\xec\\xd5%\\x07\\xc1\\xb09\\xf9\\x9b\\x85\\xd5\\x95e\\xd0>\\xa3\\x99\\xc2\\xeen\\xff\\xc0pE\\xa7\\xf1\\xfd\\x9b\\xf4\\xce\\xce\\xce\\xcf\\xd0\\xa8\\xfa\\xa24\\xf8\\xaeLPf\\xc5\\x0b\\xd8-\\x00C9\\x00\\x8e=yo\\x9d\\r;o\\xbd\\t\\xea\\xe4\\xba\\xb1\\x82:P\\xa0\\x06v\\x7f\\xca\\x98\\xc2\\xbb\\x8a\\xef\\x90x0\\xa4\\xd1\\x99q;\\x98\\xd0\\xa7\\x0efRY\\xc3\\xdb\\x94\\x8a\\x12H\\x96\\x1c\\x1d@\\x11s(RH\\x8b\\x14\\x85\\xaf[\\x08\\x91\\n>>\\xbfW-\\x08/\\xe2W\\xabP\\xa7\\x9fi\\xf9\\xe3~z\\x95\\xd5\\xdf\\xb3+\\x94}\\xede\\xf3d\\xab6\\x05\\xf5\\x8bhFn1Jqm\\x9b\\xfaD\\xce\\xcf\\xb5\\x02"\\x93\\xc0\\x8b\\xe6\\xb5%R\\xc5\\x16\\xbcb\\xa42\\xdb \\x9e+e\\x86{fW"28\\x0020\\x0e\\xf4\\x12 \\xcf\\x84\\xe3G\\xc7\\x93\\x19(\\xaa\\x8b\\xaf\\xb3v+\\xf7\\xaa\\xa9\\x8f\\x19\\xfd\\x02\\x15\\xee\\xc0K\\xfe\\xb9\\xab=S\\xc9\\x0f7g4\\x9d4Pl\\xd8i\\xb4\\x83\\xa3\\x93\\xd7\\x129}\\x97\\x14\\xe3T\\xcc\\xeb\\xc9\\xf7\\xf2\\x15xEMb\\xd09\\x81\\x88\\xa5\\x92]\\x04\\x94\\xc806\\x12i%)\\xf4Cf$t\\x9b\\xd7\\x17kM,\\xc9C\\xeaK\\x85\\xcaC3\\xd1E}\\x00\\x8d\\xfc!cN\\x84\\xc5\\xb8\\xa0N\\x93\\xae\\xc5\\xd8+6\\xab\\xae\\xa3z\\x10\\xa2\\xeaY\\xd9\\xbd%\\xfe,\\x91X \\xad\\x06\\x1a\\xeaz\\xe3\\x0c\\xdd*\\xef\\x07\\xdd)\\x7fl\\x01\\x03\\xca\\xc9\\xa7 @\\xa5Q\\x9a\\x1d\\x194\\x10\\x18\\x83\\xd2\\xe1B\\x04\\x83o\\xbf\\xe1\\xf3\\x0e!&\\xf86J\\xd8\\x0c\\x13\\xd7\\xa6\\x82\\xa9\\\'\\x8c\\xb0\\x99lV%_U\\xdc\\x05\\x02\\xdd\\xdae\\xe3Q<\\xe0P\\xbf\\x17D\\xf6\\xb7@\\xe9\\xf3\\xa0%E\\xdf\\xa0\\xc9\\x1b\\x08\\x16\\x1d\\x19\\xde,\\x06v\\xc9.T\\x95g\\xcb.\\x89U\\xb7\\xb1\\xa7G\\xd7\\x95\\xd1-@\\x06\\x81\\x8d\\x0c\\x92\\xcc\\x14\\x9a\\xf48\\x08\\\\\\xed\\x16\\x0e2;[l\\xbb@.\\xe0R\\xce\\xd0\\xdbq\\xe1\\xe6h$\\xf1\\x00.>1\\xd1\\x17\\x01#\\x93C\\xd9\\xdb\\x04\\xab*\\xebf\\x86\\xa8c$\\xa9\\x87\\xe8\\xb2\\x10H\\xe1\\x9a\\xa4vIY\\x06s\\x16\\xd7\\xb5++\\xd4\\xc7\\xe1\\xe5\\x82-\\xc0\\xb4\\xbbL\\xb4\\x92\\x04Q.\\x88T!\\xd5\\x83.V>6\\xd8o7\\xa2\\xd5T\\x80(\\x8a\\x07a]W\\xa7\\x92g\\xd2\\x88\\xfb\\n\\x856\\xd9\\x94V\\x90\\xa3\\xfc\\x8f\\xd3&\\xb4\\xbd\\r%\\x88\\xf81\\xc1I\\xc2\\x9c\\xf5$S\\xe8Ok\\xcbC^\\x1az\\x0c\\xc5\\xc7W\\xf1\\xf8\\n\\xee\\xe4\\xdcLkYf(g\\xb5s\\x1b\\xdb\\x81?\\xa4\\n\\xd9o\\xea\\xf742\\xbc]/od\\xe6E`*\\xc3\\xa3\\x93\\xbc<;,z9K\\xc5\\xd48\\x1fOq\\xda\\xbcq\\xd4\\xac\\xa8J\\xb0\\xe3\\xfd\\x93\\xd6-\\xafA\\xb7\\rW\\xc0M\\x9b\\x10f~\\xdaB\\x95\\xae\\x7f\\r\\xf1r\\x7f\\xae\\x05\\xfd#\\x99AT\\n(\\xa5\\xe1\\xb8Y\\xff\\x0c\\x81:\\xc6F\\xea\\xe4\\n\\xf5\\xbd @nv\\x1d\\x91]\\xa6V\\x7f\\x01\\x96\\xd7\\xc3\\xd2\\x013\\xf3#aT>\\xa7\\xe8\\x80\\x9b\\x7f\\x01{\\x88\\xc4C\\x17(\\xc9\\xd5o\\xaf\\xa4\\x7f\\xad\\x14\\xd4\\xf2\\xf5L/\\x08A$\\x9e\\xa3\\x12\\xbbba\''
debug 1
b'{"type": 0, "veggie": {"cucumber": 1, "tomato": 1, "potato": 1, "carrot": 1, "eggplant": 1}, "drinks": {"cans": {"beer": 1, "coke": 1, "coffee": 1}, "bottle": {"sprite": 1, "apple_juice": 1, "orange_juice": 1}}, "milk": [], "bread": [], "meat": []}'
print the content of Grocery Order Message
